This is pdfTeX, Version 3.141592653-2.6-1.40.27 (TeX Live 2025/Homebrew) (preloaded format=pdflatex 2025.3.15)  31 AUG 2025 17:25
entering extended mode
 restricted \write18 enabled.
 file:line:error style messages enabled.
 %&-line parsing enabled.
**/Users/alexanderyuan/Desktop/notes/probabilitynotes.tex
(/Users/alexanderyuan/Desktop/notes/probabilitynotes.tex
LaTeX2e <2024-11-01> patch level 2
L3 programming layer <2025-01-18>
(/opt/homebrew/Cellar/texlive/20250308_1/share/texmf-dist/tex/latex/base/article.cls
Document Class: article 2024/06/29 v1.4n Standard LaTeX document class
(/opt/homebrew/Cellar/texlive/20250308_1/share/texmf-dist/tex/latex/base/size10.clo
File: size10.clo 2024/06/29 v1.4n Standard LaTeX file (size option)
)
\c@part=\count196
\c@section=\count197
\c@subsection=\count198
\c@subsubsection=\count199
\c@paragraph=\count266
\c@subparagraph=\count267
\c@figure=\count268
\c@table=\count269
\abovecaptionskip=\skip49
\belowcaptionskip=\skip50
\bibindent=\dimen141
) (/opt/homebrew/Cellar/texlive/20250308_1/share/texmf-dist/tex/latex/graphics/graphicx.sty
Package: graphicx 2021/09/16 v1.2d Enhanced LaTeX Graphics (DPC,SPQR)
 (/opt/homebrew/Cellar/texlive/20250308_1/share/texmf-dist/tex/latex/graphics/keyval.sty
Package: keyval 2022/05/29 v1.15 key=value parser (DPC)
\KV@toks@=\toks17
) (/opt/homebrew/Cellar/texlive/20250308_1/share/texmf-dist/tex/latex/graphics/graphics.sty
Package: graphics 2024/08/06 v1.4g Standard LaTeX Graphics (DPC,SPQR)
 (/opt/homebrew/Cellar/texlive/20250308_1/share/texmf-dist/tex/latex/graphics/trig.sty
Package: trig 2023/12/02 v1.11 sin cos tan (DPC)
) (/opt/homebrew/Cellar/texlive/20250308_1/share/texmf-dist/tex/latex/graphics-cfg/graphics.cfg
File: graphics.cfg 2016/06/04 v1.11 sample graphics configuration
)
Package graphics Info: Driver file: pdftex.def on input line 106.
 (/opt/homebrew/Cellar/texlive/20250308_1/share/texmf-dist/tex/latex/graphics-def/pdftex.def
File: pdftex.def 2024/04/13 v1.2c Graphics/color driver for pdftex
))
\Gin@req@height=\dimen142
\Gin@req@width=\dimen143
) (/opt/homebrew/Cellar/texlive/20250308_1/share/texmf-dist/tex/latex/amsmath/amsmath.sty
Package: amsmath 2024/11/05 v2.17t AMS math features
\@mathmargin=\skip51

For additional information on amsmath, use the `?' option.
(/opt/homebrew/Cellar/texlive/20250308_1/share/texmf-dist/tex/latex/amsmath/amstext.sty
Package: amstext 2021/08/26 v2.01 AMS text
 (/opt/homebrew/Cellar/texlive/20250308_1/share/texmf-dist/tex/latex/amsmath/amsgen.sty
File: amsgen.sty 1999/11/30 v2.0 generic functions
\@emptytoks=\toks18
\ex@=\dimen144
)) (/opt/homebrew/Cellar/texlive/20250308_1/share/texmf-dist/tex/latex/amsmath/amsbsy.sty
Package: amsbsy 1999/11/29 v1.2d Bold Symbols
\pmbraise@=\dimen145
) (/opt/homebrew/Cellar/texlive/20250308_1/share/texmf-dist/tex/latex/amsmath/amsopn.sty
Package: amsopn 2022/04/08 v2.04 operator names
)
\inf@bad=\count270
LaTeX Info: Redefining \frac on input line 233.
\uproot@=\count271
\leftroot@=\count272
LaTeX Info: Redefining \overline on input line 398.
LaTeX Info: Redefining \colon on input line 409.
\classnum@=\count273
\DOTSCASE@=\count274
LaTeX Info: Redefining \ldots on input line 495.
LaTeX Info: Redefining \dots on input line 498.
LaTeX Info: Redefining \cdots on input line 619.
\Mathstrutbox@=\box52
\strutbox@=\box53
LaTeX Info: Redefining \big on input line 721.
LaTeX Info: Redefining \Big on input line 722.
LaTeX Info: Redefining \bigg on input line 723.
LaTeX Info: Redefining \Bigg on input line 724.
\big@size=\dimen146
LaTeX Font Info:    Redeclaring font encoding OML on input line 742.
LaTeX Font Info:    Redeclaring font encoding OMS on input line 743.
\macc@depth=\count275
LaTeX Info: Redefining \bmod on input line 904.
LaTeX Info: Redefining \pmod on input line 909.
LaTeX Info: Redefining \smash on input line 939.
LaTeX Info: Redefining \relbar on input line 969.
LaTeX Info: Redefining \Relbar on input line 970.
\c@MaxMatrixCols=\count276
\dotsspace@=\muskip17
\c@parentequation=\count277
\dspbrk@lvl=\count278
\tag@help=\toks19
\row@=\count279
\column@=\count280
\maxfields@=\count281
\andhelp@=\toks20
\eqnshift@=\dimen147
\alignsep@=\dimen148
\tagshift@=\dimen149
\tagwidth@=\dimen150
\totwidth@=\dimen151
\lineht@=\dimen152
\@envbody=\toks21
\multlinegap=\skip52
\multlinetaggap=\skip53
\mathdisplay@stack=\toks22
LaTeX Info: Redefining \[ on input line 2953.
LaTeX Info: Redefining \] on input line 2954.
) (/opt/homebrew/Cellar/texlive/20250308_1/share/texmf-dist/tex/latex/amsfonts/amssymb.sty
Package: amssymb 2013/01/14 v3.01 AMS font symbols
 (/opt/homebrew/Cellar/texlive/20250308_1/share/texmf-dist/tex/latex/amsfonts/amsfonts.sty
Package: amsfonts 2013/01/14 v3.01 Basic AMSFonts support
\symAMSa=\mathgroup4
\symAMSb=\mathgroup5
LaTeX Font Info:    Redeclaring math symbol \hbar on input line 98.
LaTeX Font Info:    Overwriting math alphabet `\mathfrak' in version `bold'
(Font)                  U/euf/m/n --> U/euf/b/n on input line 106.
)) (/opt/homebrew/Cellar/texlive/20250308_1/share/texmf-dist/tex/latex/amscls/amsthm.sty
Package: amsthm 2020/05/29 v2.20.6
\thm@style=\toks23
\thm@bodyfont=\toks24
\thm@headfont=\toks25
\thm@notefont=\toks26
\thm@headpunct=\toks27
\thm@preskip=\skip54
\thm@postskip=\skip55
\thm@headsep=\skip56
\dth@everypar=\toks28
) (/opt/homebrew/Cellar/texlive/20250308_1/share/texmf-dist/tex/latex/l3backend/l3backend-pdftex.def
File: l3backend-pdftex.def 2024-05-08 L3 backend support: PDF output (pdfTeX)
\l__color_backend_stack_int=\count282
\l__pdf_internal_box=\box54
) (./probabilitynotes.aux)
\openout1 = `probabilitynotes.aux'.

LaTeX Font Info:    Checking defaults for OML/cmm/m/it on input line 8.
LaTeX Font Info:    ... okay on input line 8.
LaTeX Font Info:    Checking defaults for OMS/cmsy/m/n on input line 8.
LaTeX Font Info:    ... okay on input line 8.
LaTeX Font Info:    Checking defaults for OT1/cmr/m/n on input line 8.
LaTeX Font Info:    ... okay on input line 8.
LaTeX Font Info:    Checking defaults for T1/cmr/m/n on input line 8.
LaTeX Font Info:    ... okay on input line 8.
LaTeX Font Info:    Checking defaults for TS1/cmr/m/n on input line 8.
LaTeX Font Info:    ... okay on input line 8.
LaTeX Font Info:    Checking defaults for OMX/cmex/m/n on input line 8.
LaTeX Font Info:    ... okay on input line 8.
LaTeX Font Info:    Checking defaults for U/cmr/m/n on input line 8.
LaTeX Font Info:    ... okay on input line 8.
 (/opt/homebrew/Cellar/texlive/20250308_1/share/texmf-dist/tex/context/base/mkii/supp-pdf.mkii
[Loading MPS to PDF converter (version 2006.09.02).]
\scratchcounter=\count283
\scratchdimen=\dimen153
\scratchbox=\box55
\nofMPsegments=\count284
\nofMParguments=\count285
\everyMPshowfont=\toks29
\MPscratchCnt=\count286
\MPscratchDim=\dimen154
\MPnumerator=\count287
\makeMPintoPDFobject=\count288
\everyMPtoPDFconversion=\toks30
) (/opt/homebrew/Cellar/texlive/20250308_1/share/texmf-dist/tex/latex/epstopdf-pkg/epstopdf-base.sty
Package: epstopdf-base 2020-01-24 v2.11 Base part for package epstopdf
Package epstopdf-base Info: Redefining graphics rule for `.eps' on input line 485.
 (/opt/homebrew/Cellar/texlive/20250308_1/share/texmf-dist/tex/latex/latexconfig/epstopdf-sys.cfg
File: epstopdf-sys.cfg 2010/07/13 v1.3 Configuration of (r)epstopdf for TeX Live
))
LaTeX Font Info:    Trying to load font information for U+msa on input line 10.
 (/opt/homebrew/Cellar/texlive/20250308_1/share/texmf-dist/tex/latex/amsfonts/umsa.fd
File: umsa.fd 2013/01/14 v3.01 AMS symbols A
)
LaTeX Font Info:    Trying to load font information for U+msb on input line 10.
 (/opt/homebrew/Cellar/texlive/20250308_1/share/texmf-dist/tex/latex/amsfonts/umsb.fd
File: umsb.fd 2013/01/14 v3.01 AMS symbols B
)
Underfull \hbox (badness 10000) in paragraph at lines 14--21

 []


Underfull \hbox (badness 10000) in paragraph at lines 14--21

 []


Underfull \hbox (badness 10000) in paragraph at lines 14--21

 []


Underfull \hbox (badness 10000) in paragraph at lines 14--21

 []


Underfull \hbox (badness 10000) in paragraph at lines 14--21

 []


Underfull \hbox (badness 10000) in paragraph at lines 14--21

 []



[1

{/opt/homebrew/Cellar/texlive/20250308_1/share/texmf-dist/fonts/map/pdftex/updmap/pdftex.map}]
Underfull \hbox (badness 10000) in paragraph at lines 37--39

 []


Underfull \hbox (badness 10000) in paragraph at lines 60--62

 []


Underfull \hbox (badness 10000) in paragraph at lines 64--67

 []


Underfull \hbox (badness 10000) in paragraph at lines 64--67

 []



[2]
Underfull \hbox (badness 10000) in paragraph at lines 76--79

 []


Underfull \hbox (badness 10000) in paragraph at lines 76--79

 []


Underfull \hbox (badness 10000) in paragraph at lines 81--85

 []


Underfull \hbox (badness 10000) in paragraph at lines 81--85

 []


Underfull \hbox (badness 10000) in paragraph at lines 81--85

 []


Underfull \hbox (badness 10000) in paragraph at lines 87--90

 []


Underfull \hbox (badness 10000) in paragraph at lines 87--90

 []



[3]
Underfull \hbox (badness 10000) in paragraph at lines 92--95

 []


Underfull \hbox (badness 10000) in paragraph at lines 92--95

 []


Underfull \hbox (badness 10000) in paragraph at lines 104--107

 []


Underfull \hbox (badness 10000) in paragraph at lines 104--107

 []


Underfull \hbox (badness 10000) in paragraph at lines 104--107

 []



[4]
Underfull \hbox (badness 10000) in paragraph at lines 117--121

 []


Underfull \hbox (badness 10000) in paragraph at lines 117--121

 []


Underfull \hbox (badness 10000) in paragraph at lines 135--138

 []


Underfull \hbox (badness 10000) in paragraph at lines 144--147

 []


Underfull \hbox (badness 10000) in paragraph at lines 149--151

 []



[5]
Underfull \hbox (badness 10000) in paragraph at lines 176--179

 []



[6]
Underfull \hbox (badness 10000) in paragraph at lines 199--202

 []


Underfull \hbox (badness 10000) in paragraph at lines 205--207

 []


Underfull \hbox (badness 10000) in paragraph at lines 205--207

 []


Underfull \hbox (badness 10000) in paragraph at lines 226--231

 []


Underfull \hbox (badness 10000) in paragraph at lines 226--231

 []


Underfull \hbox (badness 10000) in paragraph at lines 226--231

 []



[7]
Underfull \hbox (badness 10000) in paragraph at lines 254--261

 []


Underfull \hbox (badness 10000) in paragraph at lines 254--261

 []


Underfull \hbox (badness 10000) in paragraph at lines 254--261

 []


Underfull \hbox (badness 10000) in paragraph at lines 254--261

 []



[8]
Underfull \hbox (badness 10000) in paragraph at lines 265--269

 []


Underfull \hbox (badness 10000) in paragraph at lines 283--286

 []


Underfull \hbox (badness 10000) in paragraph at lines 287--292

 []


Underfull \hbox (badness 10000) in paragraph at lines 287--292

 []


Underfull \hbox (badness 10000) in paragraph at lines 287--292

 []


Underfull \hbox (badness 10000) in paragraph at lines 287--292

 []



[9]
Underfull \hbox (badness 10000) in paragraph at lines 298--301

 []


Underfull \hbox (badness 10000) in paragraph at lines 316--319

 []


Underfull \hbox (badness 10000) in paragraph at lines 316--319

 []


Underfull \hbox (badness 10000) in paragraph at lines 320--325

 []


Underfull \hbox (badness 10000) in paragraph at lines 320--325

 []


Underfull \hbox (badness 10000) in paragraph at lines 320--325

 []


Underfull \hbox (badness 10000) in paragraph at lines 320--325

 []



[10]
Underfull \hbox (badness 10000) in paragraph at lines 327--332

 []


Underfull \hbox (badness 10000) in paragraph at lines 327--332

 []


Underfull \hbox (badness 10000) in paragraph at lines 327--332

 []


Underfull \hbox (badness 10000) in paragraph at lines 327--332

 []


Underfull \hbox (badness 10000) in paragraph at lines 346--353

 []


Underfull \hbox (badness 10000) in paragraph at lines 346--353

 []


Underfull \hbox (badness 10000) in paragraph at lines 346--353

 []


Underfull \hbox (badness 10000) in paragraph at lines 346--353

 []


Underfull \hbox (badness 10000) in paragraph at lines 346--353

 []



[11]
Underfull \hbox (badness 10000) in paragraph at lines 369--371

 []


Underfull \hbox (badness 10000) in paragraph at lines 379--382

 []



[12]
Underfull \hbox (badness 10000) in paragraph at lines 391--394

 []


Underfull \hbox (badness 10000) in paragraph at lines 407--411

 []


Underfull \hbox (badness 10000) in paragraph at lines 407--411

 []



[13]
Underfull \hbox (badness 10000) in paragraph at lines 428--432

 []


Underfull \hbox (badness 10000) in paragraph at lines 428--432

 []


Underfull \hbox (badness 10000) in paragraph at lines 428--432

 []


Underfull \hbox (badness 10000) in paragraph at lines 433--436

 []


Underfull \hbox (badness 10000) in paragraph at lines 433--436

 []



[14]
Underfull \hbox (badness 10000) in paragraph at lines 446--449

 []


Underfull \hbox (badness 10000) in paragraph at lines 450--453

 []


Underfull \hbox (badness 10000) in paragraph at lines 450--453

 []


Underfull \hbox (badness 10000) in paragraph at lines 454--457

 []


Underfull \hbox (badness 10000) in paragraph at lines 454--457

 []


Underfull \hbox (badness 10000) in paragraph at lines 459--462

 []



[15]
Underfull \hbox (badness 10000) in paragraph at lines 466--469

 []


Overfull \hbox (12.56702pt too wide) in paragraph at lines 466--469
\OT1/cmr/m/n/10 We first check that $\OML/cmm/m/it/10 ^^V[]$ \OT1/cmr/m/n/10 is well de-fined. If $\OMS/cmsy/m/n/10 f\OT1/cmr/m/n/10 (\OML/cmm/m/it/10 a[]; b[]\OT1/cmr/m/n/10 ]\OMS/cmsy/m/n/10 g[]$ \OT1/cmr/m/n/10 are disjoint$[]$ and $[][](\OML/cmm/m/it/10 a[]; b[]\OT1/cmr/m/n/10 ] =
 []


Underfull \hbox (badness 10000) in paragraph at lines 471--474

 []


Underfull \hbox (badness 10000) in paragraph at lines 476--480

 []


Underfull \hbox (badness 10000) in paragraph at lines 476--480

 []



[16]
Underfull \hbox (badness 10000) in paragraph at lines 509--514

 []


Underfull \hbox (badness 10000) in paragraph at lines 509--514

 []


Underfull \hbox (badness 10000) in paragraph at lines 509--514

 []


Underfull \hbox (badness 10000) in paragraph at lines 515--517

 []



[17]
Underfull \hbox (badness 10000) in paragraph at lines 530--533

 []


Underfull \hbox (badness 10000) in paragraph at lines 534--536

 []


Underfull \hbox (badness 10000) in paragraph at lines 541--545

 []


Underfull \hbox (badness 10000) in paragraph at lines 541--545

 []



[18]
Underfull \hbox (badness 10000) in paragraph at lines 565--570

 []


Underfull \hbox (badness 10000) in paragraph at lines 565--570

 []


Underfull \hbox (badness 10000) in paragraph at lines 574--577

 []



[19]
Underfull \hbox (badness 10000) in paragraph at lines 587--590

 []


Underfull \hbox (badness 10000) in paragraph at lines 587--590

 []


Underfull \hbox (badness 10000) in paragraph at lines 591--594

 []


Underfull \hbox (badness 10000) in paragraph at lines 591--594

 []



[20]
Underfull \hbox (badness 10000) in paragraph at lines 595--596

 []


Underfull \hbox (badness 10000) in paragraph at lines 595--596

 []


Underfull \hbox (badness 10000) in paragraph at lines 601--602

 []


Underfull \hbox (badness 10000) in paragraph at lines 601--602

 []


Underfull \hbox (badness 10000) in paragraph at lines 606--610

 []


Underfull \hbox (badness 10000) in paragraph at lines 606--610

 []


Underfull \hbox (badness 10000) in paragraph at lines 606--610

 []



[21]
Underfull \hbox (badness 10000) in paragraph at lines 626--630

 []


Underfull \hbox (badness 10000) in paragraph at lines 644--647

 []


Underfull \hbox (badness 10000) in paragraph at lines 651--655

 []


Underfull \hbox (badness 10000) in paragraph at lines 651--655

 []


Overfull \hbox (20.68214pt too wide) in paragraph at lines 651--655
\OT1/cmr/m/n/10 mea-sur-able. Con-versely, if each $\OML/cmm/m/it/10 f[]$ \OT1/cmr/m/n/10 is mea-sur-able, then for all $\OML/cmm/m/it/10 E[] \OMS/cmsy/m/n/10 2 N[]\OML/cmm/m/it/10 ;$$f[]\OT1/cmr/m/n/10 (\OML/cmm/m/it/10 ^^Y[]\OT1/cmr/m/n/10 (\OML/cmm/m/it/10 E[]\OT1/cmr/m/n/10 ))$
 []


Underfull \hbox (badness 10000) in paragraph at lines 651--655

 []


Underfull \hbox (badness 10000) in paragraph at lines 651--655

 []



[22]
Underfull \hbox (badness 10000) in paragraph at lines 658--661

 []


Underfull \hbox (badness 10000) in paragraph at lines 658--661

 []


Underfull \hbox (badness 10000) in paragraph at lines 664--667

 []


Underfull \hbox (badness 10000) in paragraph at lines 664--667

 []


Underfull \hbox (badness 10000) in paragraph at lines 668--671

 []


Underfull \hbox (badness 10000) in paragraph at lines 668--671

 []



[23]
Underfull \hbox (badness 10000) in paragraph at lines 683--687

 []


Underfull \hbox (badness 10000) in paragraph at lines 683--687

 []


Underfull \hbox (badness 10000) in paragraph at lines 689--693

 []


Underfull \hbox (badness 10000) in paragraph at lines 689--693

 []



[24]
Underfull \hbox (badness 10000) in paragraph at lines 713--716

 []


Underfull \hbox (badness 10000) in paragraph at lines 717--722

 []


Underfull \hbox (badness 10000) in paragraph at lines 717--722

 []


Underfull \hbox (badness 10000) in paragraph at lines 717--722

 []


Underfull \hbox (badness 10000) in paragraph at lines 717--722

 []

<Screenshot 2025-08-14 at 6.38.17 PM.png, id=95, 712.6625pt x 364.36125pt>
File: Screenshot 2025-08-14 at 6.38.17 PM.png Graphic file (type png)
<use Screenshot 2025-08-14 at 6.38.17 PM.png>
Package pdftex.def Info: Screenshot 2025-08-14 at 6.38.17 PM.png  used on input line 723.
(pdftex.def)             Requested size: 345.0pt x 176.38696pt.


[25]
Underfull \hbox (badness 10000) in paragraph at lines 732--736

 []


Underfull \hbox (badness 10000) in paragraph at lines 742--746

 []


Underfull \hbox (badness 10000) in paragraph at lines 742--746

 []


Underfull \hbox (badness 10000) in paragraph at lines 742--746

 []



[26 <./Screenshot 2025-08-14 at 6.38.17 PM.png>]
Underfull \hbox (badness 10000) in paragraph at lines 764--767

 []


Underfull \hbox (badness 10000) in paragraph at lines 769--772

 []



[27]
Underfull \hbox (badness 10000) in paragraph at lines 779--783

 []


Underfull \hbox (badness 10000) in paragraph at lines 779--783

 []


Underfull \hbox (badness 10000) in paragraph at lines 790--793

 []


Underfull \hbox (badness 10000) in paragraph at lines 795--802

 []


Underfull \hbox (badness 10000) in paragraph at lines 795--802

 []


Underfull \hbox (badness 10000) in paragraph at lines 795--802

 []


Underfull \hbox (badness 10000) in paragraph at lines 795--802

 []


Underfull \hbox (badness 10000) in paragraph at lines 795--802

 []



[28]
Underfull \hbox (badness 10000) in paragraph at lines 807--809

 []



[29]
Underfull \hbox (badness 10000) in paragraph at lines 846--848

 []


Overfull \hbox (19.00386pt too wide) in paragraph at lines 850--853
$\OML/cmm/m/it/10 S[]$ \OT1/cmr/m/n/10 is a func-tion of $\OML/cmm/m/it/10 X[]; [] ; X[]$\OT1/cmr/m/n/10 , so its con-di-tional ex-pec-ta-tion given $\OML/cmm/m/it/10 X[]; [] ; X[]$
 []


Underfull \hbox (badness 10000) in paragraph at lines 850--853

 []



[30]

[31] (./probabilitynotes.aux)
 ***********
LaTeX2e <2024-11-01> patch level 2
L3 programming layer <2025-01-18>
 ***********
 ) 
Here is how much of TeX's memory you used:
 2633 strings out of 473190
 39452 string characters out of 5704335
 435867 words of memory out of 5000000
 25880 multiletter control sequences out of 15000+600000
 567046 words of font info for 68 fonts, out of 8000000 for 9000
 1141 hyphenation exceptions out of 8191
 57i,13n,65p,1090b,220s stack positions out of 10000i,1000n,20000p,200000b,200000s
</opt/homebrew/Cellar/texlive/20250308_1/share/texmf-dist/fonts/type1/public/amsfonts/cm/cmbx10.pfb></opt/homebrew/Cellar/texlive/20250308_1/share/texmf-dist/fonts/type1/public/amsfonts/cm/cmbx12.pfb></opt/homebrew/Cellar/texlive/20250308_1/share/texmf-dist/fonts/type1/public/amsfonts/cm/cmex10.pfb></opt/homebrew/Cellar/texlive/20250308_1/share/texmf-dist/fonts/type1/public/amsfonts/cm/cmmi10.pfb></opt/homebrew/Cellar/texlive/20250308_1/share/texmf-dist/fonts/type1/public/amsfonts/cm/cmmi5.pfb></opt/homebrew/Cellar/texlive/20250308_1/share/texmf-dist/fonts/type1/public/amsfonts/cm/cmmi7.pfb></opt/homebrew/Cellar/texlive/20250308_1/share/texmf-dist/fonts/type1/public/amsfonts/cm/cmr10.pfb></opt/homebrew/Cellar/texlive/20250308_1/share/texmf-dist/fonts/type1/public/amsfonts/cm/cmr12.pfb></opt/homebrew/Cellar/texlive/20250308_1/share/texmf-dist/fonts/type1/public/amsfonts/cm/cmr17.pfb></opt/homebrew/Cellar/texlive/20250308_1/share/texmf-dist/fonts/type1/public/amsfonts/cm/cmr5.pfb></opt/homebrew/Cellar/texlive/20250308_1/share/texmf-dist/fonts/type1/public/amsfonts/cm/cmr7.pfb></opt/homebrew/Cellar/texlive/20250308_1/share/texmf-dist/fonts/type1/public/amsfonts/cm/cmsy10.pfb></opt/homebrew/Cellar/texlive/20250308_1/share/texmf-dist/fonts/type1/public/amsfonts/cm/cmsy5.pfb></opt/homebrew/Cellar/texlive/20250308_1/share/texmf-dist/fonts/type1/public/amsfonts/cm/cmsy7.pfb></opt/homebrew/Cellar/texlive/20250308_1/share/texmf-dist/fonts/type1/public/amsfonts/cm/cmti10.pfb></opt/homebrew/Cellar/texlive/20250308_1/share/texmf-dist/fonts/type1/public/amsfonts/symbols/msbm10.pfb></opt/homebrew/Cellar/texlive/20250308_1/share/texmf-dist/fonts/type1/public/amsfonts/symbols/msbm7.pfb>
Output written on probabilitynotes.pdf (31 pages, 341069 bytes).
PDF statistics:
 193 PDF objects out of 1000 (max. 8388607)
 122 compressed objects within 2 object streams
 0 named destinations out of 1000 (max. 500000)
 6 words of extra memory for PDF output out of 10000 (max. 10000000)

